Arguments: 
  /usr/local/bin/node /usr/local/bin/yarn add momment

PATH: 
  /Users/wutong/bin:/usr/local/bin:/usr/local/bin:/usr/bin:/bin:/usr/sbin:/sbin:/Applications/Wireshark.app/Contents/MacOS:/Users/wutong/Library/Android/sdk/emulator:/Users/wutong/Library/Android/sdk/tools:/Users/wutong/Library/Android/sdk/tools/bin:/Users/wutong/Library/Android/sdk/platform-tools:/Users/wutong/Documents/go_workspace/bin:/usr/local/opt/go/libexec/bin:/usr/local/Cellar/mongodb/4.0.5/bin

Yarn version: 
  1.12.3

Node version: 
  11.5.0

Platform: 
  darwin x64

Trace: 
  Error: https://registry.yarnpkg.com/momment: Not found
      at Request.params.callback [as _callback] (/usr/local/lib/node_modules/yarn/lib/cli.js:65894:18)
      at Request.self.callback (/usr/local/lib/node_modules/yarn/lib/cli.js:129018:22)
      at Request.emit (events.js:189:13)
      at Request.<anonymous> (/usr/local/lib/node_modules/yarn/lib/cli.js:129990:10)
      at Request.emit (events.js:189:13)
      at IncomingMessage.<anonymous> (/usr/local/lib/node_modules/yarn/lib/cli.js:129912:12)
      at Object.onceWrapper (events.js:277:13)
      at IncomingMessage.emit (events.js:194:15)
      at endReadableNT (_stream_readable.js:1129:12)
      at process.internalTickCallback (internal/process/next_tick.js:72:19)

npm manifest: 
  No manifest

yarn manifest: 
  No manifest

Lockfile: 
  No lockfile
